<?xml version="1.0" encoding="UTF-8"?>
<testng-results ignored="0" total="1" passed="1" failed="0" skipped="0">
  <reporter-output>
  </reporter-output>
  <suite started-at="2023-05-18T15:03:17 IST" name="Default suite" finished-at="2023-05-18T15:04:03 IST" duration-ms="45749">
    <groups>
    </groups>
    <test started-at="2023-05-18T15:03:17 IST" name="Default test" finished-at="2023-05-18T15:04:03 IST" duration-ms="45749">
      <class name="com.exercise2.EaseMyTrip">
        <test-method signature="EaseMyTripWebsite()[pri:0, instance:com.exercise2.EaseMyTrip@49c7b90e]" started-at="2023-05-18T15:03:17 IST" name="EaseMyTripWebsite" finished-at="2023-05-18T15:04:03 IST" duration-ms="45714" status="PASS">
          <reporter-output>
          </reporter-output>
        </test-method> <!-- EaseMyTripWebsite -->
      </class> <!-- com.exercise2.EaseMyTrip -->
    </test> <!-- Default test -->
  </suite> <!-- Default suite -->
</testng-results>
